android/app/build/outputs/logs/manifest-merger-debug-report.txt
-- Merging decision tree log ---
manifest
ADDED from src/main/AndroidManifest.xml:1:1-93:12
INJECTED from src/main/AndroidManifest.xml:1:1-93:12
INJECTED from src/main/AndroidManifest.xml:1:1-93:12
INJECTED from src/main/AndroidManifest.xml:1:1-93:12
MERGED from src/main/AndroidManifest.xml:1:1-93:12
MERGED from [:react-native-fcm] AndroidManifest.xml:2:1-11:12
MERGED from [io.resu:ReAndroidSDK_0f5716ce_a0b3_4789_83c7_4dc54babca67:-SNAPSHOT] AndroidManifest.xml:2:1-46:12
MERGED from [com.facebook.react:react-native:0.60.5] AndroidManifest.xml:2:1-13:12
MERGED from [com.google.firebase:firebase-core:17.2.1] AndroidManifest.xml:2:1-9:12
MERGED from [com.google.firebase:firebase-messaging:20.0.0] AndroidManifest.xml:17:1-37:12
MERGED from [org.webkit:android-jsc:r245459] AndroidManifest.xml:2:1-11:12
MERGED from [androidx.appcompat:appcompat:1.0.2] AndroidManifest.xml:17:1-22:12
MERGED from [com.facebook.fresco:fresco:2.0.0] AndroidManifest.xml:2:1-9:12
MERGED from [com.facebook.fresco:imagepipeline-okhttp3:2.0.0] AndroidManifest.xml:2:1-9:12
MERGED from [com.facebook.fresco:drawee:2.0.0] AndroidManifest.xml:2:1-9:12
MERGED from [com.facebook.fresco:nativeimagefilters:2.0.0] AndroidManifest.xml:2:1-9:12
MERGED from [com.facebook.fresco:imagepipeline:2.0.0] AndroidManifest.xml:2:1-9:12
MERGED from [com.facebook.fresco:nativeimagetranscoder:2.0.0] AndroidManifest.xml:2:1-9:12
MERGED from [com.facebook.fresco:imagepipeline-base:2.0.0] AndroidManifest.xml:2:1-9:12
MERGED from [com.facebook.soloader:soloader:0.6.0] AndroidManifest.xml:2:1-13:12
MERGED from [me.leolin:ShortcutBadger:1.1.17] AndroidManifest.xml:2:1-52:12
MERGED from [androidx.legacy:legacy-support-v4:1.0.0] AndroidManifest.xml:17:1-22:12
MERGED from [com.google.firebase:firebase-analytics:17.2.1] AndroidManifest.xml:2:1-9:12
MERGED from [com.google.android.gms:play-services-measurement-api:17.2.1] AndroidManifest.xml:17:1-36:12
MERGED from [com.google.firebase:firebase-iid:20.0.0] AndroidManifest.xml:17:1-47:12
MERGED from [com.google.firebase:firebase-common:19.0.0] AndroidManifest.xml:2:1-19:12
MERGED from [com.google.firebase:firebase-iid-interop:17.0.0] AndroidManifest.xml:2:1-10:12
MERGED from [com.google.android.gms:play-services-base:17.0.0] AndroidManifest.xml:17:1-29:12
MERGED from [com.google.android.gms:play-services-tasks:17.0.0] AndroidManifest.xml:2:1-9:12
MERGED from [com.google.firebase:firebase-measurement-connector:18.0.0] AndroidManifest.xml:17:1-25:12
MERGED from [com.google.android.gms:play-services-measurement:17.2.1] AndroidManifest.xml:17:1-55:12
MERGED from [com.google.android.gms:play-services-measurement-sdk:17.2.1] AndroidManifest.xml:17:1-25:12
MERGED from [com.google.android.gms:play-services-measurement-impl:17.2.1] AndroidManifest.xml:17:1-40:12
MERGED from [com.google.android.gms:play-services-stats:17.0.0] AndroidManifest.xml:2:1-9:12
MERGED from [com.google.android.gms:play-services-measurement-sdk-api:17.2.1] AndroidManifest.xml:17:1-27:12
MERGED from [com.google.android.gms:play-services-measurement-base:17.2.1] AndroidManifest.xml:2:1-9:12
MERGED from [com.google.android.gms:play-services-ads-identifier:17.0.0] AndroidManifest.xml:17:1-24:12
MERGED from [com.google.android.gms:play-services-basement:17.0.0] AndroidManifest.xml:17:1-28:12
MERGED from [androidx.fragment:fragment:1.0.0] AndroidManifest.xml:17:1-22:12
MERGED from [androidx.vectordrawable:vectordrawable-animated:1.0.0] AndroidManifest.xml:17:1-22:12
MERGED from [androidx.legacy:legacy-support-core-ui:1.0.0] AndroidManifest.xml:17:1-22:12
MERGED from [androidx.legacy:legacy-support-core-utils:1.0.0] AndroidManifest.xml:17:1-22:12
MERGED from [com.google.android.exoplayer:exoplayer-dash:2.7.3] AndroidManifest.xml:17:1-24:12
MERGED from [com.google.android.exoplayer:exoplayer-ui:2.7.3] AndroidManifest.xml:17:1-24:12
MERGED from [com.google.android.exoplayer:exoplayer-core:2.7.3] AndroidManifest.xml:17:1-24:12
MERGED from [androidx.cardview:cardview:1.0.0] AndroidManifest.xml:17:1-22:12
MERGED from [androidx.vectordrawable:vectordrawable:1.0.1] AndroidManifest.xml:17:1-22:12
MERGED from [androidx.loader:loader:1.0.0] AndroidManifest.xml:17:1-22:12
MERGED from [androidx.media:media:1.0.0] AndroidManifest.xml:17:1-22:12
MERGED from [androidx.viewpager:viewpager:1.0.0] AndroidManifest.xml:17:1-22:12
MERGED from [androidx.coordinatorlayout:coordinatorlayout:1.0.0] AndroidManifest.xml:17:1-22:12
MERGED from [androidx.drawerlayout:drawerlayout:1.0.0] AndroidManifest.xml:17:1-22:12
MERGED from [androidx.slidingpanelayout:slidingpanelayout:1.0.0] AndroidManifest.xml:17:1-22:12
MERGED from [androidx.customview:customview:1.0.0] AndroidManifest.xml:17:1-22:12
MERGED from [androidx.swiperefreshlayout:swiperefreshlayout:1.0.0] AndroidManifest.xml:17:1-22:12
MERGED from [androidx.asynclayoutinflater:asynclayoutinflater:1.0.0] AndroidManifest.xml:17:1-22:12
MERGED from [androidx.core:core:1.0.1] AndroidManifest.xml:17:1-24:12
MERGED from [androidx.versionedparcelable:versionedparcelable:1.0.0] AndroidManifest.xml:17:1-25:12
MERGED from [androidx.cursoradapter:cursoradapter:1.0.0] AndroidManifest.xml:17:1-22:12
MERGED from [androidx.documentfile:documentfile:1.0.0] AndroidManifest.xml:17:1-22:12
MERGED from [androidx.localbroadcastmanager:localbroadcastmanager:1.0.0] AndroidManifest.xml:17:1-22:12
MERGED from [androidx.print:print:1.0.0] AndroidManifest.xml:17:1-22:12
MERGED from [androidx.lifecycle:lifecycle-runtime:2.0.0] AndroidManifest.xml:17:1-22:12
MERGED from [androidx.lifecycle:lifecycle-viewmodel:2.0.0] AndroidManifest.xml:17:1-22:12
MERGED from [androidx.interpolator:interpolator:1.0.0] AndroidManifest.xml:17:1-22:12
MERGED from [androidx.lifecycle:lifecycle-livedata:2.0.0] AndroidManifest.xml:17:1-22:12
MERGED from [androidx.lifecycle:lifecycle-livedata-core:2.0.0] AndroidManifest.xml:17:1-22:12
MERGED from [androidx.arch.core:core-runtime:2.0.0] AndroidManifest.xml:17:1-22:12
MERGED from [com.facebook.fresco:fbcore:2.0.0] AndroidManifest.xml:2:1-9:12
INJECTED from src/debug/AndroidManifest.xml:2:1-8:12
INJECTED from src/debug/AndroidManifest.xml:2:1-8:12
INJECTED from src/debug/AndroidManifest.xml:2:1-8:12
	package
		ADDED from src/main/AndroidManifest.xml:2:5-33
		INJECTED from src/main/AndroidManifest.xml
		ADDED from src/main/AndroidManifest.xml:2:5-33
		INJECTED from src/debug/AndroidManifest.xml
	android:versionName
		INJECTED from src/main/AndroidManifest.xml
		ADDED from src/main/AndroidManifest.xml:1:1-93:12
		INJECTED from src/debug/AndroidManifest.xml
	xmlns:tools
		ADDED from src/debug/AndroidManifest.xml:3:5-51
	android:versionCode
		INJECTED from src/main/AndroidManifest.xml
		ADDED from src/main/AndroidManifest.xml:1:1-93:12
		INJECTED from src/debug/AndroidManifest.xml
	xmlns:android
		ADDED from src/main/AndroidManifest.xml:1:11-69
uses-permission#android.permission.INTERNET
ADDED from src/main/AndroidManifest.xml:4:5-67
MERGED from [io.resu:ReAndroidSDK_0f5716ce_a0b3_4789_83c7_4dc54babca67:-SNAPSHOT] AndroidManifest.xml:15:5-67
MERGED from [io.resu:ReAndroidSDK_0f5716ce_a0b3_4789_83c7_4dc54babca67:-SNAPSHOT] AndroidManifest.xml:15:5-67
MERGED from [com.google.android.gms:play-services-measurement-api:17.2.1] AndroidManifest.xml:22:5-67
MERGED from [com.google.android.gms:play-services-measurement-api:17.2.1] AndroidManifest.xml:22:5-67
MERGED from [com.google.firebase:firebase-iid:20.0.0] AndroidManifest.xml:23:5-67
MERGED from [com.google.firebase:firebase-iid:20.0.0] AndroidManifest.xml:23:5-67
MERGED from [com.google.android.gms:play-services-measurement:17.2.1] AndroidManifest.xml:23:5-67
MERGED from [com.google.android.gms:play-services-measurement:17.2.1] AndroidManifest.xml:23:5-67
MERGED from [com.google.android.gms:play-services-measurement-impl:17.2.1] AndroidManifest.xml:23:5-67
MERGED from [com.google.android.gms:play-services-measurement-impl:17.2.1] AndroidManifest.xml:23:5-67
MERGED from [com.google.android.gms:play-services-measurement-sdk-api:17.2.1] AndroidManifest.xml:23:5-67
MERGED from [com.google.android.gms:play-services-measurement-sdk-api:17.2.1] AndroidManifest.xml:23:5-67
	android:name
		ADDED from src/main/AndroidManifest.xml:4:22-64
uses-permission#android.permission.RECEIVE_BOOT_COMPLETED
ADDED from src/main/AndroidManifest.xml:5:5-81
	android:name
		ADDED from src/main/AndroidManifest.xml:5:22-78
uses-permission#android.permission.VIBRATE
ADDED from src/main/AndroidManifest.xml:6:5-66
	android:name
		ADDED from src/main/AndroidManifest.xml:6:22-63
application
ADDED from src/main/AndroidManifest.xml:8:5-91:19
MERGED from src/main/AndroidManifest.xml:8:5-91:19
MERGED from src/main/AndroidManifest.xml:8:5-91:19
MERGED from [io.resu:ReAndroidSDK_0f5716ce_a0b3_4789_83c7_4dc54babca67:-SNAPSHOT] AndroidManifest.xml:23:5-44:19
MERGED from [io.resu:ReAndroidSDK_0f5716ce_a0b3_4789_83c7_4dc54babca67:-SNAPSHOT] AndroidManifest.xml:23:5-44:19
MERGED from [com.facebook.react:react-native:0.60.5] AndroidManifest.xml:11:5-20
MERGED from [com.facebook.react:react-native:0.60.5] AndroidManifest.xml:11:5-20
MERGED from [com.google.firebase:firebase-core:17.2.1] AndroidManifest.xml:7:5-20
MERGED from [com.google.firebase:firebase-core:17.2.1] AndroidManifest.xml:7:5-20
MERGED from [com.google.firebase:firebase-messaging:20.0.0] AndroidManifest.xml:22:5-35:19
MERGED from [com.google.firebase:firebase-messaging:20.0.0] AndroidManifest.xml:22:5-35:19
MERGED from [com.facebook.soloader:soloader:0.6.0] AndroidManifest.xml:11:5-20
MERGED from [com.facebook.soloader:soloader:0.6.0] AndroidManifest.xml:11:5-20
MERGED from [com.google.firebase:firebase-analytics:17.2.1] AndroidManifest.xml:7:5-20
MERGED from [com.google.firebase:firebase-analytics:17.2.1] AndroidManifest.xml:7:5-20
MERGED from [com.google.android.gms:play-services-measurement-api:17.2.1] AndroidManifest.xml:26:5-34:19
MERGED from [com.google.android.gms:play-services-measurement-api:17.2.1] AndroidManifest.xml:26:5-34:19
MERGED from [com.google.firebase:firebase-iid:20.0.0] AndroidManifest.xml:28:5-45:19
MERGED from [com.google.firebase:firebase-iid:20.0.0] AndroidManifest.xml:28:5-45:19
MERGED from [com.google.firebase:firebase-common:19.0.0] AndroidManifest.xml:11:5-17:19
MERGED from [com.google.firebase:firebase-common:19.0.0] AndroidManifest.xml:11:5-17:19
MERGED from [com.google.firebase:firebase-iid-interop:17.0.0] AndroidManifest.xml:7:5-8:19
MERGED from [com.google.firebase:firebase-iid-interop:17.0.0] AndroidManifest.xml:7:5-8:19
MERGED from [com.google.android.gms:play-services-base:17.0.0] AndroidManifest.xml:22:5-27:19
MERGED from [com.google.android.gms:play-services-base:17.0.0] AndroidManifest.xml:22:5-27:19
MERGED from [com.google.android.gms:play-services-tasks:17.0.0] AndroidManifest.xml:7:5-20
MERGED from [com.google.android.gms:play-services-tasks:17.0.0] AndroidManifest.xml:7:5-20
MERGED from [com.google.firebase:firebase-measurement-connector:18.0.0] AndroidManifest.xml:22:5-23:19
MERGED from [com.google.firebase:firebase-measurement-connector:18.0.0] AndroidManifest.xml:22:5-23:19
MERGED from [com.google.android.gms:play-services-measurement:17.2.1] AndroidManifest.xml:28:5-53:19
MERGED from [com.google.android.gms:play-services-measurement:17.2.1] AndroidManifest.xml:28:5-53:19
MERGED from [com.google.android.gms:play-services-measurement-sdk:17.2.1] AndroidManifest.xml:22:5-23:19
MERGED from [com.google.android.gms:play-services-measurement-sdk:17.2.1] AndroidManifest.xml:22:5-23:19
MERGED from [com.google.android.gms:play-services-measurement-impl:17.2.1] AndroidManifest.xml:28:5-38:19
MERGED from [com.google.android.gms:play-services-measurement-impl:17.2.1] AndroidManifest.xml:28:5-38:19
MERGED from [com.google.android.gms:play-services-stats:17.0.0] AndroidManifest.xml:7:5-20
MERGED from [com.google.android.gms:play-services-stats:17.0.0] AndroidManifest.xml:7:5-20
MERGED from [com.google.android.gms:play-services-measurement-base:17.2.1] AndroidManifest.xml:7:5-20
MERGED from [com.google.android.gms:play-services-measurement-base:17.2.1] AndroidManifest.xml:7:5-20
MERGED from [com.google.android.gms:play-services-ads-identifier:17.0.0] AndroidManifest.xml:22:5-20
MERGED from [com.google.android.gms:play-services-ads-identifier:17.0.0] AndroidManifest.xml:22:5-20
MERGED from [com.google.android.gms:play-services-basement:17.0.0] AndroidManifest.xml:22:5-26:19
MERGED from [com.google.android.gms:play-services-basement:17.0.0] AndroidManifest.xml:22:5-26:19
MERGED from [androidx.core:core:1.0.1] AndroidManifest.xml:22:5-89
MERGED from [androidx.core:core:1.0.1] AndroidManifest.xml:22:5-89
MERGED from [androidx.versionedparcelable:versionedparcelable:1.0.0] AndroidManifest.xml:22:5-23:19
MERGED from [androidx.versionedparcelable:versionedparcelable:1.0.0] AndroidManifest.xml:22:5-23:19
	android:appComponentFactory
		ADDED from [androidx.core:core:1.0.1] AndroidManifest.xml:22:18-86
	android:supportsRtl
		ADDED from [io.resu:ReAndroidSDK_0f5716ce_a0b3_4789_83c7_4dc54babca67:-SNAPSHOT] AndroidManifest.xml:23:18-44
	android:label
		ADDED from src/main/AndroidManifest.xml:10:9-41
		ADDED from src/main/AndroidManifest.xml:10:9-41
	tools:ignore
		ADDED from src/debug/AndroidManifest.xml:7:75-114
	android:roundIcon
		ADDED from src/main/AndroidManifest.xml:12:9-54
		ADDED from src/main/AndroidManifest.xml:12:9-54
	tools:targetApi
		ADDED from src/debug/AndroidManifest.xml:7:54-74
	android:icon
		ADDED from src/main/AndroidManifest.xml:11:9-43
		ADDED from src/main/AndroidManifest.xml:11:9-43
	android:allowBackup
		ADDED from src/main/AndroidManifest.xml:13:9-36
		ADDED from src/main/AndroidManifest.xml:13:9-36
	android:theme
		ADDED from src/main/AndroidManifest.xml:14:9-40
		ADDED from src/main/AndroidManifest.xml:14:9-40
	android:usesCleartextTraffic
		ADDED from src/debug/AndroidManifest.xml:7:18-53
	android:name
		ADDED from src/main/AndroidManifest.xml:9:9-40
		ADDED from src/main/AndroidManifest.xml:9:9-40
activity#com.awesomeproject.MainActivity
ADDED from src/main/AndroidManifest.xml:15:9-36:20
	android:label
		ADDED from src/main/AndroidManifest.xml:17:13-45
	android:launchMode
		ADDED from src/main/AndroidManifest.xml:18:13-43
	android:windowSoftInputMode
		ADDED from src/main/AndroidManifest.xml:20:13-55
	android:configChanges
		ADDED from src/main/AndroidManifest.xml:19:13-83
	android:name
		ADDED from src/main/AndroidManifest.xml:16:13-59
intent-filter#action:name:android.intent.action.MAIN+category:name:android.intent.category.LAUNCHER
ADDED from src/main/AndroidManifest.xml:21:13-24:29
action#android.intent.action.MAIN
ADDED from src/main/AndroidManifest.xml:22:17-69
	android:name
		ADDED from src/main/AndroidManifest.xml:22:25-66
category#android.intent.category.LAUNCHER
ADDED from src/main/AndroidManifest.xml:23:17-77
	android:name
		ADDED from src/main/AndroidManifest.xml:23:27-74
intent-filter#action:name:android.intent.action.VIEW+category:name:android.intent.category.BROWSABLE+category:name:android.intent.category.DEFAULT+data:host:open+data:scheme:react
ADDED from src/main/AndroidManifest.xml:26:13-34:29
	android:autoVerify
		ADDED from src/main/AndroidManifest.xml:26:28-53
action#android.intent.action.VIEW
ADDED from src/main/AndroidManifest.xml:27:17-69
	android:name
		ADDED from src/main/AndroidManifest.xml:27:25-66
category#android.intent.category.DEFAULT
ADDED from src/main/AndroidManifest.xml:28:17-76
	android:name
		ADDED from src/main/AndroidManifest.xml:28:27-73
category#android.intent.category.BROWSABLE
ADDED from src/main/AndroidManifest.xml:29:17-78
	android:name
		ADDED from src/main/AndroidManifest.xml:29:27-75
data
ADDED from src/main/AndroidManifest.xml:31:17-33:46
	android:host
		ADDED from src/main/AndroidManifest.xml:32:21-40
	android:scheme
		ADDED from src/main/AndroidManifest.xml:33:21-43
activity#com.facebook.react.devsupport.DevSettingsActivity
ADDED from src/main/AndroidManifest.xml:38:9-86
	android:name
		ADDED from src/main/AndroidManifest.xml:38:19-83
meta-data#com.google.firebase.messaging.default_notification_icon
ADDED from src/main/AndroidManifest.xml:41:9-43:54
	android:resource
		ADDED from src/main/AndroidManifest.xml:43:13-51
	android:name
		ADDED from src/main/AndroidManifest.xml:42:13-83
meta-data#com.google.firebase.messaging.default_notification_channel_id
ADDED from src/main/AndroidManifest.xml:44:9-46:50
	android:value
		ADDED from src/main/AndroidManifest.xml:46:13-47
	android:name
		ADDED from src/main/AndroidManifest.xml:45:13-89
meta-data#resulticks.default_notification_icon
ADDED from src/main/AndroidManifest.xml:48:9-50:56
	android:resource
		ADDED from src/main/AndroidManifest.xml:50:13-53
	android:name
		ADDED from src/main/AndroidManifest.xml:49:13-64
meta-data#resulticks.default_notification_icon_transparent
ADDED from src/main/AndroidManifest.xml:52:9-54:56
	android:resource
		ADDED from src/main/AndroidManifest.xml:54:13-53
	android:name
		ADDED from src/main/AndroidManifest.xml:53:13-76
meta-data#resulticks.default_notification_color
ADDED from src/main/AndroidManifest.xml:56:9-58:52
	android:resource
		ADDED from src/main/AndroidManifest.xml:58:13-49
	android:name
		ADDED from src/main/AndroidManifest.xml:57:13-65
meta-data#resulticks.key
ADDED from src/main/AndroidManifest.xml:59:9-61:76
	android:value
		ADDED from src/main/AndroidManifest.xml:61:13-73
	android:name
		ADDED from src/main/AndroidManifest.xml:60:13-42
service#com.evollu.react.fcm.MessagingService
ADDED from src/main/AndroidManifest.xml:63:9-70:19
	android:enabled
		ADDED from src/main/AndroidManifest.xml:65:13-35
	android:exported
		ADDED from src/main/AndroidManifest.xml:66:13-36
	android:name
		ADDED from src/main/AndroidManifest.xml:64:13-65
intent-filter#action:name:com.google.firebase.MESSAGING_EVENT
ADDED from src/main/AndroidManifest.xml:67:13-69:29
action#com.google.firebase.MESSAGING_EVENT
ADDED from src/main/AndroidManifest.xml:68:17-78
	android:name
		ADDED from src/main/AndroidManifest.xml:68:25-75
service#com.evollu.react.fcm.InstanceIdService
ADDED from src/main/AndroidManifest.xml:72:9-78:19
	android:exported
		ADDED from src/main/AndroidManifest.xml:74:13-37
	android:name
		ADDED from src/main/AndroidManifest.xml:73:13-66
intent-filter#action:name:com.google.firebase.INSTANCE_ID_EVENT
ADDED from src/main/AndroidManifest.xml:75:13-77:29
action#com.google.firebase.INSTANCE_ID_EVENT
ADDED from src/main/AndroidManifest.xml:76:17-80
	android:name
		ADDED from src/main/AndroidManifest.xml:76:25-77
receiver#com.evollu.react.fcm.FIRLocalMessagingPublisher
ADDED from src/main/AndroidManifest.xml:80:9-83
	android:name
		ADDED from src/main/AndroidManifest.xml:80:19-81
receiver#com.evollu.react.fcm.FIRSystemBootEventReceiver
ADDED from src/main/AndroidManifest.xml:82:14-89:26
	android:enabled
		ADDED from src/main/AndroidManifest.xml:82:24-46
	android:exported
		ADDED from src/main/AndroidManifest.xml:82:47-70
	android:name
		ADDED from src/main/AndroidManifest.xml:82:72-134
intent-filter#action:name:android.intent.action.BOOT_COMPLETED+action:name:android.intent.action.QUICKBOOT_POWERON+action:name:com.htc.intent.action.QUICKBOOT_POWERON+category:name:android.intent.category.DEFAULT
ADDED from src/main/AndroidManifest.xml:83:19-88:35
action#android.intent.action.BOOT_COMPLETED
ADDED from src/main/AndroidManifest.xml:84:23-84
	android:name
		ADDED from src/main/AndroidManifest.xml:84:31-82
action#android.intent.action.QUICKBOOT_POWERON
ADDED from src/main/AndroidManifest.xml:85:23-87
	android:name
		ADDED from src/main/AndroidManifest.xml:85:31-85
action#com.htc.intent.action.QUICKBOOT_POWERON
ADDED from src/main/AndroidManifest.xml:86:23-87
	android:name
		ADDED from src/main/AndroidManifest.xml:86:31-85
uses-sdk
INJECTED from src/main/AndroidManifest.xml reason: use-sdk injection requested
INJECTED from src/main/AndroidManifest.xml
INJECTED from src/main/AndroidManifest.xml
MERGED from [:react-native-fcm] AndroidManifest.xml:7:5-9:41
MERGED from [:react-native-fcm] AndroidManifest.xml:7:5-9:41
MERGED from [io.resu:ReAndroidSDK_0f5716ce_a0b3_4789_83c7_4dc54babca67:-SNAPSHOT] AndroidManifest.xml:7:5-9:41
MERGED from [io.resu:ReAndroidSDK_0f5716ce_a0b3_4789_83c7_4dc54babca67:-SNAPSHOT] AndroidManifest.xml:7:5-9:41
MERGED from [com.facebook.react:react-native:0.60.5] AndroidManifest.xml:7:5-9:41
MERGED from [com.facebook.react:react-native:0.60.5] AndroidManifest.xml:7:5-9:41
MERGED from [com.google.firebase:firebase-core:17.2.1] AndroidManifest.xml:5:5-44
MERGED from [com.google.firebase:firebase-core:17.2.1] AndroidManifest.xml:5:5-44
MERGED from [com.google.firebase:firebase-messaging:20.0.0] AndroidManifest.xml:20:5-44
MERGED from [com.google.firebase:firebase-messaging:20.0.0] AndroidManifest.xml:20:5-44
MERGED from [org.webkit:android-jsc:r245459] AndroidManifest.xml:7:5-9:41
MERGED from [org.webkit:android-jsc:r245459] AndroidManifest.xml:7:5-9:41
MERGED from [androidx.appcompat:appcompat:1.0.2] AndroidManifest.xml:20:5-44
MERGED from [androidx.appcompat:appcompat:1.0.2] AndroidManifest.xml:20:5-44
MERGED from [com.facebook.fresco:fresco:2.0.0] AndroidManifest.xml:5:5-7:41
MERGED from [com.facebook.fresco:fresco:2.0.0] AndroidManifest.xml:5:5-7:41
MERGED from [com.facebook.fresco:imagepipeline-okhttp3:2.0.0] AndroidManifest.xml:5:5-7:41
MERGED from [com.facebook.fresco:imagepipeline-okhttp3:2.0.0] AndroidManifest.xml:5:5-7:41
MERGED from [com.facebook.fresco:drawee:2.0.0] AndroidManifest.xml:5:5-7:41
MERGED from [com.facebook.fresco:drawee:2.0.0] AndroidManifest.xml:5:5-7:41
MERGED from [com.facebook.fresco:nativeimagefilters:2.0.0] AndroidManifest.xml:5:5-7:41
MERGED from [com.facebook.fresco:nativeimagefilters:2.0.0] AndroidManifest.xml:5:5-7:41
MERGED from [com.facebook.fresco:imagepipeline:2.0.0] AndroidManifest.xml:5:5-7:41
MERGED from [com.facebook.fresco:imagepipeline:2.0.0] AndroidManifest.xml:5:5-7:41
MERGED from [com.facebook.fresco:nativeimagetranscoder:2.0.0] AndroidManifest.xml:5:5-7:41
MERGED from [com.facebook.fresco:nativeimagetranscoder:2.0.0] AndroidManifest.xml:5:5-7:41
MERGED from [com.facebook.fresco:imagepipeline-base:2.0.0] AndroidManifest.xml:5:5-7:41
MERGED from [com.facebook.fresco:imagepipeline-base:2.0.0] AndroidManifest.xml:5:5-7:41
MERGED from [com.facebook.soloader:soloader:0.6.0] AndroidManifest.xml:7:5-9:41
MERGED from [com.facebook.soloader:soloader:0.6.0] AndroidManifest.xml:7:5-9:41
MERGED from [me.leolin:ShortcutBadger:1.1.17] AndroidManifest.xml:7:5-9:41
MERGED from [me.leolin:ShortcutBadger:1.1.17] AndroidManifest.xml:7:5-9:41
MERGED from [androidx.legacy:legacy-support-v4:1.0.0] AndroidManifest.xml:20:5-44
MERGED from [androidx.legacy:legacy-support-v4:1.0.0] AndroidManifest.xml:20:5-44
MERGED from [com.google.firebase:firebase-analytics:17.2.1] AndroidManifest.xml:5:5-44
MERGED from [com.google.firebase:firebase-analytics:17.2.1] AndroidManifest.xml:5:5-44
MERGED from [com.google.android.gms:play-services-measurement-api:17.2.1] AndroidManifest.xml:20:5-44
MERGED from [com.google.android.gms:play-services-measurement-api:17.2.1] AndroidManifest.xml:20:5-44
MERGED from [com.google.firebase:firebase-iid:20.0.0] AndroidManifest.xml:20:5-44
MERGED from [com.google.firebase:firebase-iid:20.0.0] AndroidManifest.xml:20:5-44
MERGED from [com.google.firebase:firebase-common:19.0.0] AndroidManifest.xml:6:5-8:41
MERGED from [com.google.firebase:firebase-common:19.0.0] AndroidManifest.xml:6:5-8:41
MERGED from [com.google.firebase:firebase-iid-interop:17.0.0] AndroidManifest.xml:5:5-44
MERGED from [com.google.firebase:firebase-iid-interop:17.0.0] AndroidManifest.xml:5:5-44
MERGED from [com.google.android.gms:play-services-base:17.0.0] AndroidManifest.xml:20:5-44
MERGED from [com.google.android.gms:play-services-base:17.0.0] AndroidManifest.xml:20:5-44
MERGED from [com.google.android.gms:play-services-tasks:17.0.0] AndroidManifest.xml:5:5-44
MERGED from [com.google.android.gms:play-services-tasks:17.0.0] AndroidManifest.xml:5:5-44
MERGED from [com.google.firebase:firebase-measurement-connector:18.0.0] AndroidManifest.xml:20:5-44
MERGED from [com.google.firebase:firebase-measurement-connector:18.0.0] AndroidManifest.xml:20:5-44
MERGED from [com.google.android.gms:play-services-measurement:17.2.1] AndroidManifest.xml:20:5-44
MERGED from [com.google.android.gms:play-services-measurement:17.2.1] AndroidManifest.xml:20:5-44
MERGED from [com.google.android.gms:play-services-measurement-sdk:17.2.1] AndroidManifest.xml:20:5-44
MERGED from [com.google.android.gms:play-services-measurement-sdk:17.2.1] AndroidManifest.xml:20:5-44
MERGED from [com.google.android.gms:play-services-measurement-impl:17.2.1] AndroidManifest.xml:20:5-44
MERGED from [com.google.android.gms:play-services-measurement-impl:17.2.1] AndroidManifest.xml:20:5-44
MERGED from [com.google.android.gms:play-services-stats:17.0.0] AndroidManifest.xml:5:5-44
MERGED from [com.google.android.gms:play-services-stats:17.0.0] AndroidManifest.xml:5:5-44
MERGED from [com.google.android.gms:play-services-measurement-sdk-api:17.2.1] AndroidManifest.xml:20:5-44
MERGED from [com.google.android.gms:play-services-measurement-sdk-api:17.2.1] AndroidManifest.xml:20:5-44
MERGED from [com.google.android.gms:play-services-measurement-base:17.2.1] AndroidManifest.xml:5:5-44
MERGED from [com.google.android.gms:play-services-measurement-base:17.2.1] AndroidManifest.xml:5:5-44
MERGED from [com.google.android.gms:play-services-ads-identifier:17.0.0] AndroidManifest.xml:20:5-44
MERGED from [com.google.android.gms:play-services-ads-identifier:17.0.0] AndroidManifest.xml:20:5-44
MERGED from [com.google.android.gms:play-services-basement:17.0.0] AndroidManifest.xml:20:5-44
MERGED from [com.google.android.gms:play-services-basement:17.0.0] AndroidManifest.xml:20:5-44
MERGED from [androidx.fragment:fragment:1.0.0] AndroidManifest.xml:20:5-44
MERGED from [androidx.fragment:fragment:1.0.0] AndroidManifest.xml:20:5-44
MERGED from [androidx.vectordrawable:vectordrawable-animated:1.0.0] AndroidManifest.xml:20:5-44
MERGED from [androidx.vectordrawable:vectordrawable-animated:1.0.0] AndroidManifest.xml:20:5-44
MERGED from [androidx.legacy:legacy-support-core-ui:1.0.0] AndroidManifest.xml:20:5-44
MERGED from [androidx.legacy:legacy-support-core-ui:1.0.0] AndroidManifest.xml:20:5-44
MERGED from [androidx.legacy:legacy-support-core-utils:1.0.0] AndroidManifest.xml:20:5-44
MERGED from [androidx.legacy:legacy-support-core-utils:1.0.0] AndroidManifest.xml:20:5-44
MERGED from [com.google.android.exoplayer:exoplayer-dash:2.7.3] AndroidManifest.xml:20:5-22:41
MERGED from [com.google.android.exoplayer:exoplayer-dash:2.7.3] AndroidManifest.xml:20:5-22:41
MERGED from [com.google.android.exoplayer:exoplayer-ui:2.7.3] AndroidManifest.xml:20:5-22:41
MERGED from [com.google.android.exoplayer:exoplayer-ui:2.7.3] AndroidManifest.xml:20:5-22:41
MERGED from [com.google.android.exoplayer:exoplayer-core:2.7.3] AndroidManifest.xml:20:5-22:41
MERGED from [com.google.android.exoplayer:exoplayer-core:2.7.3] AndroidManifest.xml:20:5-22:41
MERGED from [androidx.cardview:cardview:1.0.0] AndroidManifest.xml:20:5-44
MERGED from [androidx.cardview:cardview:1.0.0] AndroidManifest.xml:20:5-44
MERGED from [androidx.vectordrawable:vectordrawable:1.0.1] AndroidManifest.xml:20:5-44
MERGED from [androidx.vectordrawable:vectordrawable:1.0.1] AndroidManifest.xml:20:5-44
MERGED from [androidx.loader:loader:1.0.0] AndroidManifest.xml:20:5-44
MERGED from [androidx.loader:loader:1.0.0] AndroidManifest.xml:20:5-44
MERGED from [androidx.media:media:1.0.0] AndroidManifest.xml:20:5-44
MERGED from [androidx.media:media:1.0.0] AndroidManifest.xml:20:5-44
MERGED from [androidx.viewpager:viewpager:1.0.0] AndroidManifest.xml:20:5-44
MERGED from [androidx.viewpager:viewpager:1.0.0] AndroidManifest.xml:20:5-44
MERGED from [androidx.coordinatorlayout:coordinatorlayout:1.0.0] AndroidManifest.xml:20:5-44
MERGED from [androidx.coordinatorlayout:coordinatorlayout:1.0.0] AndroidManifest.xml:20:5-44
MERGED from [androidx.drawerlayout:drawerlayout:1.0.0] AndroidManifest.xml:20:5-44
MERGED from [androidx.drawerlayout:drawerlayout:1.0.0] AndroidManifest.xml:20:5-44
MERGED from [androidx.slidingpanelayout:slidingpanelayout:1.0.0] AndroidManifest.xml:20:5-44
MERGED from [androidx.slidingpanelayout:slidingpanelayout:1.0.0] AndroidManifest.xml:20:5-44
MERGED from [androidx.customview:customview:1.0.0] AndroidManifest.xml:20:5-44
MERGED from [androidx.customview:customview:1.0.0] AndroidManifest.xml:20:5-44
MERGED from [androidx.swiperefreshlayout:swiperefreshlayout:1.0.0] AndroidManifest.xml:20:5-44
MERGED from [androidx.swiperefreshlayout:swiperefreshlayout:1.0.0] AndroidManifest.xml:20:5-44
MERGED from [androidx.asynclayoutinflater:asynclayoutinflater:1.0.0] AndroidManifest.xml:20:5-44
MERGED from [androidx.asynclayoutinflater:asynclayoutinflater:1.0.0] AndroidManifest.xml:20:5-44
MERGED from [androidx.core:core:1.0.1] AndroidManifest.xml:20:5-44
MERGED from [androidx.core:core:1.0.1] AndroidManifest.xml:20:5-44
MERGED from [androidx.versionedparcelable:versionedparcelable:1.0.0] AndroidManifest.xml:20:5-44
MERGED from [androidx.versionedparcelable:versionedparcelable:1.0.0] AndroidManifest.xml:20:5-44
MERGED from [androidx.cursoradapter:cursoradapter:1.0.0] AndroidManifest.xml:20:5-44
MERGED from [androidx.cursoradapter:cursoradapter:1.0.0] AndroidManifest.xml:20:5-44
MERGED from [androidx.documentfile:documentfile:1.0.0] AndroidManifest.xml:20:5-44
MERGED from [androidx.documentfile:documentfile:1.0.0] AndroidManifest.xml:20:5-44
MERGED from [androidx.localbroadcastmanager:localbroadcastmanager:1.0.0] AndroidManifest.xml:20:5-44
MERGED from [androidx.localbroadcastmanager:localbroadcastmanager:1.0.0] AndroidManifest.xml:20:5-44
MERGED from [androidx.print:print:1.0.0] AndroidManifest.xml:20:5-44
MERGED from [androidx.print:print:1.0.0] AndroidManifest.xml:20:5-44
MERGED from [androidx.lifecycle:lifecycle-runtime:2.0.0] AndroidManifest.xml:20:5-44
MERGED from [androidx.lifecycle:lifecycle-runtime:2.0.0] AndroidManifest.xml:20:5-44